2025-08-26 06:07:41:428 [Appium] Welcome to Appium v2.15.0
2025-08-26 06:07:41:429 [Appium] Non-default server args:
2025-08-26 06:07:41:430 [Appium] { port: 4725 }
2025-08-26 06:07:41:430 [Appium] The autodetected Appium home path: /Users/rohitsharma/.appium
2025-08-26 06:07:41:430 [Appium] Attempting to load driver uiautomator2...
2025-08-26 06:07:41:432 [Appium] Requiring driver at /Users/rohitsharma/.appium/node_modules/appium-uiautomator2-driver/build/index.js
2025-08-26 06:07:42:007 [Appium] AndroidUiautomator2Driver has been successfully loaded in 0.576s
2025-08-26 06:07:42:016 [Appium] Appium REST http interface listener started on http://0.0.0.0:4725
2025-08-26 06:07:42:017 [Appium] You can provide the following URLs in your client code to connect to this server:
	http://127.0.0.1:4725/ (only accessible from the same host)
	http://192.168.1.7:4725/
2025-08-26 06:07:42:017 [Appium] Available drivers:
2025-08-26 06:07:42:017 [Appium]   - uiautomator2@5.0.0 (automationName 'UiAutomator2')
2025-08-26 06:07:42:017 [Appium] No plugins have been installed. Use the "appium plugin" command to install the one(s) you want to use.
2025-08-26 06:07:42:279 [HTTP] --> GET /status {}
2025-08-26 06:07:42:280 [AppiumDriver@030a] Calling AppiumDriver.getStatus() with args: []
2025-08-26 06:07:42:282 [AppiumDriver@030a] Responding to client with driver.getStatus() result: {"ready":true,"message":"The server is ready to accept new connections","build":{"version":"2.15.0"}}
2025-08-26 06:07:42:287 [HTTP] <-- GET /status 200 6 ms - 111 
2025-08-26 06:08:28:537 [HTTP] Request idempotency key: 8300be8d-b1ec-471b-8827-4ed208c7b9b5
2025-08-26 06:08:28:558 [HTTP] --> POST /session {"capabilities":{"firstMatch":[{"appium:deviceName":"pixel7","platformName":"ANDROID","appium:automationName":"UIAutomator2","appium:app":"/Users/rohitsharma/eclipse-workspace/Appium/ApiDemos-debug.apk"}]}}
2025-08-26 06:08:28:560 [AppiumDriver@030a] Calling AppiumDriver.createSession() with args: [null,null,{"firstMatch":[{"appium:deviceName":"pixel7","platformName":"ANDROID","appium:automationName":"UIAutomator2","appium:app":"/Users/rohitsharma/eclipse-workspace/Appium/ApiDemos-debug.apk"}]}]
2025-08-26 06:08:28:560 [AppiumDriver@030a] Event 'newSessionRequested' logged at 1756188508560 (11:38:28 GMT+0530 (India Standard Time))
2025-08-26 06:08:28:564 [Appium] Attempting to find matching driver for automationName 'UIAutomator2' and platformName 'ANDROID'
2025-08-26 06:08:28:565 [Appium] The 'uiautomator2' driver was installed and matched caps.
2025-08-26 06:08:28:565 [Appium] Will require it at /Users/rohitsharma/.appium/node_modules/appium-uiautomator2-driver
2025-08-26 06:08:28:569 [Appium] Requiring driver at /Users/rohitsharma/.appium/node_modules/appium-uiautomator2-driver/build/index.js
2025-08-26 06:08:28:570 [AppiumDriver@030a] Appium v2.15.0 creating new AndroidUiautomator2Driver (v5.0.0) session
2025-08-26 06:08:28:570 [AppiumDriver@030a] Checking BaseDriver versions for Appium and AndroidUiautomator2Driver
2025-08-26 06:08:28:570 [AppiumDriver@030a] Appium's BaseDriver version is 9.15.0
2025-08-26 06:08:28:570 [AppiumDriver@030a] AndroidUiautomator2Driver's BaseDriver version is 9.15.0
2025-08-26 06:08:28:578 [38;5;-113m[AndroidUiautomator2Driver@4ceb] 
2025-08-26 06:08:28:578 [38;5;-113m[AndroidUiautomator2Driver@4ceb] Creating session with W3C capabilities: {
  "alwaysMatch": {
    "platformName": "ANDROID",
    "appium:deviceName": "pixel7",
    "appium:automationName": "UIAutomator2",
    "appium:app": "/Users/rohitsharma/eclipse-workspace/Appium/ApiDemos-debug.apk"
  },
  "firstMatch": [
    {}
  ]
}
2025-08-26 06:08:28:583 [9f3c6f31][38;5;-113m[AndroidUiautomator2Driver@4ceb] Session created with session id: 9f3c6f31-6a4d-436b-908c-c4654e2bb01f
2025-08-26 06:08:28:593 [9f3c6f31][ADB] Found 2 'build-tools' folders under '/Users/rohitsharma/Library/Android/sdk' (newest first):
2025-08-26 06:08:28:593 [9f3c6f31][ADB]     /Users/rohitsharma/Library/Android/sdk/build-tools/35.0.0
2025-08-26 06:08:28:593 [9f3c6f31][ADB]     /Users/rohitsharma/Library/Android/sdk/build-tools/34.0.0
2025-08-26 06:08:28:594 [9f3c6f31][ADB] Using 'adb' from '/Users/rohitsharma/Library/Android/sdk/platform-tools/adb'
2025-08-26 06:08:28:594 [9f3c6f31][ADB] Running '/Users/rohitsharma/Library/Android/sdk/platform-tools/adb -P 5037 start-server'
2025-08-26 06:08:28:828 [9f3c6f31][38;5;-113m[AndroidUiautomator2Driver@4ceb] Retrieving device list
2025-08-26 06:08:28:828 [9f3c6f31][ADB] Trying to find connected Android devices
2025-08-26 06:08:28:829 [9f3c6f31][ADB] Getting connected devices
2025-08-26 06:08:28:843 [9f3c6f31][ADB] Connected devices: [{"udid":"emulator-5554","state":"device"}]
2025-08-26 06:08:28:843 [9f3c6f31][38;5;-113m[AndroidUiautomator2Driver@4ceb] Using device: emulator-5554
2025-08-26 06:08:28:844 [9f3c6f31][ADB] Using 'adb' from '/Users/rohitsharma/Library/Android/sdk/platform-tools/adb'
2025-08-26 06:08:28:844 [9f3c6f31][ADB] Running '/Users/rohitsharma/Library/Android/sdk/platform-tools/adb -P 5037 start-server'
2025-08-26 06:08:28:856 [9f3c6f31][ADB] Setting device id to emulator-5554
2025-08-26 06:08:28:857 [9f3c6f31][BaseDriver] Using local app '/Users/rohitsharma/eclipse-workspace/Appium/ApiDemos-debug.apk'
2025-08-26 06:08:28:866 [9f3c6f31][38;5;-113m[AndroidUiautomator2Driver@4ceb] Checking whether app is actually present
2025-08-26 06:08:28:867 [9f3c6f31][ADB] Running '/Users/rohitsharma/Library/Android/sdk/platform-tools/adb -P 5037 -s emulator-5554 shell getprop ro.build.version.sdk'
2025-08-26 06:08:29:236 [9f3c6f31][ADB] Current device property 'ro.build.version.sdk': 36
2025-08-26 06:08:29:236 [9f3c6f31][ADB] Getting device platform version
2025-08-26 06:08:29:237 [9f3c6f31][ADB] Running '/Users/rohitsharma/Library/Android/sdk/platform-tools/adb -P 5037 -s emulator-5554 shell getprop ro.build.version.release'
2025-08-26 06:08:29:346 [9f3c6f31][ADB] Current device property 'ro.build.version.release': 16
2025-08-26 06:08:29:346 [9f3c6f31][ADB] Device API level: 36
2025-08-26 06:08:29:346 [9f3c6f31][38;5;-113m[AndroidUiautomator2Driver@4ceb] Relaxing hidden api policy
2025-08-26 06:08:29:347 [9f3c6f31][ADB] Running '/Users/rohitsharma/Library/Android/sdk/platform-tools/adb -P 5037 -s emulator-5554 shell 'settings put global hidden_api_policy_pre_p_apps 1;settings put global hidden_api_policy_p_apps 1;settings put global hidden_api_policy 1''
2025-08-26 06:08:29:349 [9f3c6f31][38;5;-113m[AndroidUiautomator2Driver@4ceb] Parsing package and activity from the 'ApiDemos-debug.apk' file manifest
2025-08-26 06:08:29:353 [9f3c6f31][ADB] Running '/Users/rohitsharma/Library/Android/sdk/platform-tools/adb -P 5037 -s emulator-5554 wait-for-device'
2025-08-26 06:08:29:355 [9f3c6f31][ADB] Using 'aapt2' from '/Users/rohitsharma/Library/Android/sdk/build-tools/35.0.0/aapt2'
2025-08-26 06:08:29:355 [9f3c6f31][ADB] Reading package manifest: '/Users/rohitsharma/Library/Android/sdk/build-tools/35.0.0/aapt2 dump badging /Users/rohitsharma/eclipse-workspace/Appium/ApiDemos-debug.apk'
2025-08-26 06:08:29:366 [9f3c6f31][ADB] Running '/Users/rohitsharma/Library/Android/sdk/platform-tools/adb -P 5037 -s emulator-5554 shell echo ping'
2025-08-26 06:08:29:397 [9f3c6f31][ADB] Package name: 'io.appium.android.apis'
2025-08-26 06:08:29:397 [9f3c6f31][ADB] Main activity name: 'io.appium.android.apis.ApiDemos'
2025-08-26 06:08:29:397 [9f3c6f31][38;5;-113m[AndroidUiautomator2Driver@4ceb] Resolved launch package -> activity: io.appium.android.apis -> io.appium.android.apis.ApiDemos
2025-08-26 06:08:29:397 [9f3c6f31][38;5;-113m[AndroidUiautomator2Driver@4ceb] Resolved wait package -> activity: io.appium.android.apis -> io.appium.android.apis.ApiDemos
2025-08-26 06:08:29:464 [9f3c6f31][38;5;-113m[AndroidUiautomator2Driver@4ceb] Pushing settings apk to the device...
2025-08-26 06:08:29:465 [9f3c6f31][ADB] Getting package info for 'io.appium.settings'
2025-08-26 06:08:29:465 [9f3c6f31][ADB] Running '/Users/rohitsharma/Library/Android/sdk/platform-tools/adb -P 5037 -s emulator-5554 shell dumpsys package io.appium.settings'
2025-08-26 06:08:30:266 [9f3c6f31][ADB] Reading package manifest: '/Users/rohitsharma/Library/Android/sdk/build-tools/35.0.0/aapt2 dump badging /Users/rohitsharma/.appium/node_modules/appium-uiautomator2-driver/node_modules/io.appium.settings/apks/settings_apk-debug.apk'
2025-08-26 06:08:30:292 [9f3c6f31][ADB] The version name of the installed 'io.appium.settings' is greater or equal to the application version name ('6.0.0' >= '6.0.0')
2025-08-26 06:08:30:293 [9f3c6f31][ADB] There is no need to install/upgrade '/Users/rohitsharma/.appium/node_modules/appium-uiautomator2-driver/node_modules/io.appium.settings/apks/settings_apk-debug.apk'
2025-08-26 06:08:30:293 [9f3c6f31][ADB] Running '/Users/rohitsharma/Library/Android/sdk/platform-tools/adb -P 5037 -s emulator-5554 shell dumpsys activity services io.appium.settings'
2025-08-26 06:08:30:339 [9f3c6f31][38;5;-113m[AndroidUiautomator2Driver@4ceb] io.appium.settings is already running. There is no need to reset its permissions.
2025-08-26 06:08:30:340 [9f3c6f31][Logcat] Starting logs capture with command: /Users/rohitsharma/Library/Android/sdk/platform-tools/adb -P 5037 -s emulator-5554 logcat -v threadtime
2025-08-26 06:08:30:405 [9f3c6f31][38;5;-113m[AndroidUiautomator2Driver@4ceb] Forwarding UiAutomator2 Server port 6790 to local port 8200
2025-08-26 06:08:30:405 [9f3c6f31][ADB] Forwarding system: 8200 to device: 6790
2025-08-26 06:08:30:405 [9f3c6f31][ADB] Running '/Users/rohitsharma/Library/Android/sdk/platform-tools/adb -P 5037 -s emulator-5554 forward tcp:8200 tcp:6790'
2025-08-26 06:08:30:419 [9f3c6f31][ADB] Getting package info for 'io.appium.uiautomator2.server'
2025-08-26 06:08:30:419 [9f3c6f31][ADB] Running '/Users/rohitsharma/Library/Android/sdk/platform-tools/adb -P 5037 -s emulator-5554 shell dumpsys package io.appium.uiautomator2.server'
2025-08-26 06:08:30:420 [9f3c6f31][ADB] Getting install status for io.appium.uiautomator2.server.test
2025-08-26 06:08:30:420 [9f3c6f31][ADB] Checking app cert for /Users/rohitsharma/eclipse-workspace/Appium/ApiDemos-debug.apk
2025-08-26 06:08:30:420 [9f3c6f31][ADB] Running '/Users/rohitsharma/Library/Android/sdk/platform-tools/adb -P 5037 -s emulator-5554 shell cmd package list packages'
2025-08-26 06:08:30:450 [9f3c6f31][ADB] Using 'apksigner.jar' from '/Users/rohitsharma/Library/Android/sdk/build-tools/35.0.0/lib/apksigner.jar'
2025-08-26 06:08:30:452 [9f3c6f31][ADB] Starting apksigner: /usr/bin/java -Xmx1024M -Xss1m -jar /Users/rohitsharma/Library/Android/sdk/build-tools/35.0.0/lib/apksigner.jar verify --print-certs /Users/rohitsharma/eclipse-workspace/Appium/ApiDemos-debug.apk
2025-08-26 06:08:30:530 [9f3c6f31][ADB] 'io.appium.uiautomator2.server.test' is installed
2025-08-26 06:08:30:586 [9f3c6f31][ADB] Reading package manifest: '/Users/rohitsharma/Library/Android/sdk/build-tools/35.0.0/aapt2 dump badging /Users/rohitsharma/.appium/node_modules/appium-uiautomator2-driver/node_modules/appium-uiautomator2-server/apks/appium-uiautomator2-server-v8.0.0.apk'
2025-08-26 06:08:30:762 [9f3c6f31][ADB] The version name of the installed 'io.appium.uiautomator2.server' is greater or equal to the application version name ('8.0.0' >= '8.0.0')
2025-08-26 06:08:30:762 [9f3c6f31][38;5;-113m[AndroidUiautomator2Driver@4ceb] Server packages status: [{"installState":"sameVersionInstalled","appPath":"/Users/rohitsharma/.appium/node_modules/appium-uiautomator2-driver/node_modules/appium-uiautomator2-server/apks/appium-uiautomator2-server-v8.0.0.apk","appId":"io.appium.uiautomator2.server"},{"installState":"sameVersionInstalled","appPath":"/Users/rohitsharma/.appium/node_modules/appium-uiautomator2-driver/node_modules/appium-uiautomator2-server/apks/appium-uiautomator2-server-debug-androidTest.apk","appId":"io.appium.uiautomator2.server.test"}]
2025-08-26 06:08:30:762 [9f3c6f31][38;5;-113m[AndroidUiautomator2Driver@4ceb] Server packages are not going to be (re)installed
2025-08-26 06:08:30:763 [9f3c6f31][38;5;-113m[AndroidUiautomator2Driver@4ceb] Waiting up to 30000ms for services to be available
2025-08-26 06:08:30:763 [9f3c6f31][ADB] Running '/Users/rohitsharma/Library/Android/sdk/platform-tools/adb -P 5037 -s emulator-5554 shell pm list instrumentation'
2025-08-26 06:08:30:847 [9f3c6f31][38;5;-113m[AndroidUiautomator2Driver@4ceb] Instrumentation target 'io.appium.uiautomator2.server.test/androidx.test.runner.AndroidJUnitRunner' is available
2025-08-26 06:08:30:848 [9f3c6f31][ADB] Adding packages ["io.appium.settings","io.appium.uiautomator2.server","io.appium.uiautomator2.server.test"] to Doze whitelist
2025-08-26 06:08:30:848 [9f3c6f31][ADB] Got the following command chunks to execute: [["dumpsys","deviceidle","whitelist","+io.appium.settings",";","dumpsys","deviceidle","whitelist","+io.appium.uiautomator2.server",";","dumpsys","deviceidle","whitelist","+io.appium.uiautomator2.server.test",";"]]
2025-08-26 06:08:30:849 [9f3c6f31][ADB] Running '/Users/rohitsharma/Library/Android/sdk/platform-tools/adb -P 5037 -s emulator-5554 shell dumpsys deviceidle whitelist +io.appium.settings ; dumpsys deviceidle whitelist +io.appium.uiautomator2.server ; dumpsys deviceidle whitelist +io.appium.uiautomator2.server.test ;'
2025-08-26 06:08:31:188 [9f3c6f31][ADB] apksigner stdout: Signer #1 certificate DN: C=US, O=Android, CN=Android Debug
Signer #1 certificate SHA-256 digest: 65d222b742c05e2bb5b7ba2c5d8da5006fdc97f549f8748f386b58686f9068ca
Signer #1 certificate SHA-1 digest: 36f3328b5c0cc5e90620656b2d6a53efeed0912d
Signer #1 certificate MD5 digest: f8000c7af83f8f028c1e15f72abeef3e

2025-08-26 06:08:31:188 [9f3c6f31][ADB] apksigner stderr: WARNING: A restricted method in java.lang.System has been called
WARNING: java.lang.System::loadLibrary has been called by org.conscrypt.NativeLibraryUtil in an unnamed module (file:/Users/rohitsharma/Library/Android/sdk/build-tools/35.0.0/lib/apksigner.jar)
WARNING: Use --enable-native-access=ALL-UNNAMED to avoid a warning for callers in this module
WARNING: Restricted methods will be blocked in a future release unless native access is enabled


2025-08-26 06:08:31:188 [9f3c6f31][ADB] '/Users/rohitsharma/eclipse-workspace/Appium/ApiDemos-debug.apk' is signed with a non-default certificate
2025-08-26 06:08:31:188 [9f3c6f31][ADB] Getting package info for 'io.appium.android.apis'
2025-08-26 06:08:31:188 [9f3c6f31][ADB] Running '/Users/rohitsharma/Library/Android/sdk/platform-tools/adb -P 5037 -s emulator-5554 shell dumpsys package io.appium.android.apis'
2025-08-26 06:08:31:255 [9f3c6f31][ADB] Reading package manifest: '/Users/rohitsharma/Library/Android/sdk/build-tools/35.0.0/aapt2 dump badging /Users/rohitsharma/eclipse-workspace/Appium/ApiDemos-debug.apk'
2025-08-26 06:08:31:278 [9f3c6f31][ADB] The version name of the installed 'io.appium.android.apis' is greater or equal to the application version name ('4.0.0' >= '4.0.0')
2025-08-26 06:08:31:278 [9f3c6f31][ADB] There is no need to install/upgrade '/Users/rohitsharma/eclipse-workspace/Appium/ApiDemos-debug.apk'
2025-08-26 06:08:31:278 [9f3c6f31][38;5;-113m[AndroidUiautomator2Driver@4ceb] Performing fast reset on 'io.appium.android.apis'
2025-08-26 06:08:31:278 [9f3c6f31][ADB] Getting install status for io.appium.android.apis
2025-08-26 06:08:31:279 [9f3c6f31][ADB] Running '/Users/rohitsharma/Library/Android/sdk/platform-tools/adb -P 5037 -s emulator-5554 shell cmd package list packages'
2025-08-26 06:08:31:309 [9f3c6f31][ADB] 'io.appium.android.apis' is installed
2025-08-26 06:08:31:310 [9f3c6f31][ADB] Running '/Users/rohitsharma/Library/Android/sdk/platform-tools/adb -P 5037 -s emulator-5554 shell am force-stop io.appium.android.apis'
2025-08-26 06:08:31:456 [9f3c6f31][ADB] Running '/Users/rohitsharma/Library/Android/sdk/platform-tools/adb -P 5037 -s emulator-5554 shell pm clear io.appium.android.apis'
2025-08-26 06:08:31:799 [9f3c6f31][38;5;-113m[AndroidUiautomator2Driver@4ceb] Performed fast reset on the installed 'io.appium.android.apis' application (stop and clear)
2025-08-26 06:08:31:801 [9f3c6f31][38;5;-113m[AndroidUiautomator2Driver@4ceb] Performing shallow cleanup of automation leftovers
2025-08-26 06:08:31:983 [9f3c6f31][38;5;-113m[AndroidUiautomator2Driver@4ceb] No obsolete sessions have been detected (socket hang up)
2025-08-26 06:08:31:983 [9f3c6f31][ADB] Running '/Users/rohitsharma/Library/Android/sdk/platform-tools/adb -P 5037 -s emulator-5554 shell am force-stop io.appium.uiautomator2.server'
2025-08-26 06:08:31:984 [9f3c6f31][ADB] Running '/Users/rohitsharma/Library/Android/sdk/platform-tools/adb -P 5037 -s emulator-5554 shell am force-stop io.appium.uiautomator2.server.test'
2025-08-26 06:08:32:203 [9f3c6f31][38;5;-113m[AndroidUiautomator2Driver@4ceb] Starting UIAutomator2 server 8.0.0
2025-08-26 06:08:32:203 [9f3c6f31][38;5;-113m[AndroidUiautomator2Driver@4ceb] Using UIAutomator2 server from '/Users/rohitsharma/.appium/node_modules/appium-uiautomator2-driver/node_modules/appium-uiautomator2-server/apks/appium-uiautomator2-server-v8.0.0.apk' and test from '/Users/rohitsharma/.appium/node_modules/appium-uiautomator2-driver/node_modules/appium-uiautomator2-server/apks/appium-uiautomator2-server-debug-androidTest.apk'
2025-08-26 06:08:32:203 [9f3c6f31][38;5;-113m[AndroidUiautomator2Driver@4ceb] Waiting up to 30000ms for UiAutomator2 to be online...
2025-08-26 06:08:32:203 [9f3c6f31][ADB] Creating ADB subprocess with args: ["-P","5037","-s","emulator-5554","shell","am","instrument","-w","-e","disableAnalytics","true","io.appium.uiautomator2.server.test/androidx.test.runner.AndroidJUnitRunner"]
2025-08-26 06:08:32:207 [9f3c6f31][38;5;-113m[AndroidUiautomator2Driver@4ceb] Matched '/status' to command name 'getStatus'
2025-08-26 06:08:32:207 [9f3c6f31][38;5;-113m[AndroidUiautomator2Driver@4ceb] Proxying [GET /status] to [GET http://127.0.0.1:8200/status] with no body
2025-08-26 06:08:32:284 [9f3c6f31][38;5;-113m[AndroidUiautomator2Driver@4ceb] socket hang up
2025-08-26 06:08:33:291 [9f3c6f31][38;5;-113m[AndroidUiautomator2Driver@4ceb] Matched '/status' to command name 'getStatus'
2025-08-26 06:08:33:292 [9f3c6f31][38;5;-113m[AndroidUiautomator2Driver@4ceb] Proxying [GET /status] to [GET http://127.0.0.1:8200/status] with no body
2025-08-26 06:08:33:303 [9f3c6f31][38;5;-113m[AndroidUiautomator2Driver@4ceb] socket hang up
2025-08-26 06:08:34:307 [9f3c6f31][38;5;-113m[AndroidUiautomator2Driver@4ceb] Matched '/status' to command name 'getStatus'
2025-08-26 06:08:34:307 [9f3c6f31][38;5;-113m[AndroidUiautomator2Driver@4ceb] Proxying [GET /status] to [GET http://127.0.0.1:8200/status] with no body
2025-08-26 06:08:34:318 [9f3c6f31][38;5;-113m[AndroidUiautomator2Driver@4ceb] socket hang up
2025-08-26 06:08:35:326 [9f3c6f31][38;5;-113m[AndroidUiautomator2Driver@4ceb] Matched '/status' to command name 'getStatus'
2025-08-26 06:08:35:327 [9f3c6f31][38;5;-113m[AndroidUiautomator2Driver@4ceb] Proxying [GET /status] to [GET http://127.0.0.1:8200/status] with no body
2025-08-26 06:08:35:362 [9f3c6f31][38;5;-113m[AndroidUiautomator2Driver@4ceb] socket hang up
2025-08-26 06:08:36:366 [9f3c6f31][38;5;-113m[AndroidUiautomator2Driver@4ceb] Matched '/status' to command name 'getStatus'
2025-08-26 06:08:36:366 [9f3c6f31][38;5;-113m[AndroidUiautomator2Driver@4ceb] Proxying [GET /status] to [GET http://127.0.0.1:8200/status] with no body
2025-08-26 06:08:36:374 [9f3c6f31][38;5;-113m[AndroidUiautomator2Driver@4ceb] socket hang up
2025-08-26 06:08:37:174 [9f3c6f31][38;5;-113m[AndroidUiautomator2Driver@4ceb] [Instrumentation] 
2025-08-26 06:08:37:385 [9f3c6f31][38;5;-113m[AndroidUiautomator2Driver@4ceb] Matched '/status' to command name 'getStatus'
2025-08-26 06:08:37:386 [9f3c6f31][38;5;-113m[AndroidUiautomator2Driver@4ceb] Proxying [GET /status] to [GET http://127.0.0.1:8200/status] with no body
2025-08-26 06:08:37:472 [9f3c6f31][38;5;-113m[AndroidUiautomator2Driver@4ceb] socket hang up
2025-08-26 06:08:38:481 [9f3c6f31][38;5;-113m[AndroidUiautomator2Driver@4ceb] Matched '/status' to command name 'getStatus'
2025-08-26 06:08:38:482 [9f3c6f31][38;5;-113m[AndroidUiautomator2Driver@4ceb] Proxying [GET /status] to [GET http://127.0.0.1:8200/status] with no body
2025-08-26 06:08:38:646 [9f3c6f31][38;5;-113m[AndroidUiautomator2Driver@4ceb] Got response with status 200: {"sessionId":"None","value":{"build":{"version":"8.0.0","versionCode":221},"message":"UiAutomator2 Server is ready to accept commands","ready":true}}
2025-08-26 06:08:38:646 [9f3c6f31][38;5;-113m[AndroidUiautomator2Driver@4ceb] The initialization of the instrumentation process took 6444ms
2025-08-26 06:08:38:647 [9f3c6f31][38;5;-113m[AndroidUiautomator2Driver@4ceb] Matched '/session' to command name 'createSession'
2025-08-26 06:08:38:648 [9f3c6f31][38;5;-113m[AndroidUiautomator2Driver@4ceb] Proxying [POST /session] to [POST http://127.0.0.1:8200/session] with body: {"capabilities":{"firstMatch":[{"platformName":"ANDROID","deviceName":"emulator-5554","automationName":"UIAutomator2","app":"/Users/rohitsharma/eclipse-workspace/Appium/ApiDemos-debug.apk","platform":"LINUX","webStorageEnabled":false,"takesScreenshot":true,"javascriptEnabled":true,"databaseEnabled":false,"networkConnectionEnabled":true,"locationContextEnabled":false,"warnings":{},"desired":{"platformName":"ANDROID","deviceName":"pixel7","automationName":"UIAutomator2","app":"/Users/rohitsharma/eclipse-workspace/Appium/ApiDemos-debug.apk"},"deviceUDID":"emulator-5554","appPackage":"io.appium.android.apis","appActivity":"io.appium.android.apis.ApiDemos"}],"alwaysMatch":{}}}
2025-08-26 06:08:38:695 [9f3c6f31][38;5;-113m[AndroidUiautomator2Driver@4ceb] Got response with status 200: {"sessionId":"f17865d5-eb25-46d0-9a48-03785c5b52a5","value":{"capabilities":{"firstMatch":[{"platformName":"ANDROID","deviceName":"emulator-5554","automationName":"UIAutomator2","app":"/Users/rohitsharma/eclipse-workspace/Appium/ApiDemos-debug.apk","platform":"LINUX","webStorageEnabled":false,"takesScreenshot":true,"javascriptEnabled":true,"databaseEnabled":false,"networkConnectionEnabled":true,"locationContextEnabled":false,"warnings":{},"desired":{"platformName":"ANDROID","deviceName":"pixel7","automationName":"UIAutomator2","app":"/Users/rohitsharma/eclipse-workspace/Appium/ApiDemos-debug.apk"},"deviceUDID":"emulator-5554","appPackage":"io.appium.android.apis","appActivity":"io.appium.android.apis.ApiDemos"}],"alwaysMatch":{}},"sessionId":"f17865d5-eb25-46d0-9a48-03785c5b52a5"}}
2025-08-26 06:08:38:696 [9f3c6f31][38;5;-113m[AndroidUiautomator2Driver@4ceb] Determined the downstream protocol as 'W3C'
2025-08-26 06:08:38:725 [9f3c6f31][38;5;-113m[AndroidUiautomator2Driver@4ceb] Proxying [GET /appium/device/pixel_ratio] to [GET http://127.0.0.1:8200/session/f17865d5-eb25-46d0-9a48-03785c5b52a5/appium/device/pixel_ratio] with no body
2025-08-26 06:08:38:731 [9f3c6f31][38;5;-113m[AndroidUiautomator2Driver@4ceb] Matched '/appium/device/system_bars' to command name 'getSystemBars'
2025-08-26 06:08:38:732 [9f3c6f31][38;5;-113m[AndroidUiautomator2Driver@4ceb] Proxying [GET /appium/device/system_bars] to [GET http://127.0.0.1:8200/session/f17865d5-eb25-46d0-9a48-03785c5b52a5/appium/device/system_bars] with no body
2025-08-26 06:08:38:734 [9f3c6f31][38;5;-113m[AndroidUiautomator2Driver@4ceb] Matched '/window/current/size' to command name 'getWindowSize'
2025-08-26 06:08:38:735 [9f3c6f31][38;5;-113m[AndroidUiautomator2Driver@4ceb] Proxying [GET /window/current/size] to [GET http://127.0.0.1:8200/session/f17865d5-eb25-46d0-9a48-03785c5b52a5/window/current/size] with no body
2025-08-26 06:08:38:756 [9f3c6f31][38;5;-113m[AndroidUiautomator2Driver@4ceb] Proxying [GET /appium/device/info] to [GET http://127.0.0.1:8200/session/f17865d5-eb25-46d0-9a48-03785c5b52a5/appium/device/info] with no body
2025-08-26 06:08:38:761 [9f3c6f31][ADB] Running '/Users/rohitsharma/Library/Android/sdk/platform-tools/adb -P 5037 -s emulator-5554 shell dumpsys window'
2025-08-26 06:08:38:762 [9f3c6f31][ADB] Running '/Users/rohitsharma/Library/Android/sdk/platform-tools/adb -P 5037 -s emulator-5554 shell dumpsys power'
2025-08-26 06:08:38:779 [9f3c6f31][38;5;-113m[AndroidUiautomator2Driver@4ceb] Got response with status 200: {"sessionId":"f17865d5-eb25-46d0-9a48-03785c5b52a5","value":3.5}
2025-08-26 06:08:38:887 [9f3c6f31][38;5;-113m[AndroidUiautomator2Driver@4ceb] Got response with status 200: {"sessionId":"f17865d5-eb25-46d0-9a48-03785c5b52a5","value":{"height":3120,"width":1440}}
2025-08-26 06:08:38:887 [9f3c6f31][38;5;-113m[AndroidUiautomator2Driver@4ceb] Got response with status 200: {"sessionId":"f17865d5-eb25-46d0-9a48-03785c5b52a5","value":{"statusBar":144}}
2025-08-26 06:08:39:032 [9f3c6f31][38;5;-113m[AndroidUiautomator2Driver@4ceb] Got response with status 200: {"sessionId":"f17865d5-eb25-46d0-9a48-03785c5b52a5","value":{"androidId":"44c195ff630c8cf4","apiVersion":"36","bluetooth":{"state":"ON"},"brand":"google","carrierName":"T-Mobile","displayDensity":560,"locale":"en_US","manufacturer":"Google","model":"sdk_gphone64_arm64","networks":[{"capabilities":{"SSID":null,"linkDownBandwidthKbps":30000,"linkUpstreamBandwidthKbps":12000,"networkCapabilities":"NET_CAPABILITY_NOT_METERED,NET_CAPABILITY_INTERNET,NET_CAPABILITY_NOT_RESTRICTED,NET_CAPABILITY_TRUSTED,NET_CAPABILITY_NOT_VPN,NET_CAPABILITY_VALIDATED,NET_CAPABILITY_NOT_ROAMING,NET_CAPABILITY_FOREGROUND,NET_CAPABILITY_NOT_CONGESTED,NET_CAPABILITY_NOT_SUSPENDED","signalStrength":-50,"transportTypes":"TRANSPORT_WIFI"},"detailedState":"CONNECTED","extraInfo":"","isAvailable":true,"isConnected":true,"isFailover":false,"isRoaming":false,"state":"CONNECTED","subtype":-1,"subtypeName":"","type":1,"typeName":"WIFI"},{"capabilities":{"SSID":null,"linkDownBandwidthKbps":145000,"linkUpstreamBandwidthKbps":60000,"networkCapab...
2025-08-26 06:08:39:625 [9f3c6f31][38;5;-113m[AndroidUiautomator2Driver@4ceb] Screen already unlocked, doing nothing
2025-08-26 06:08:39:629 [9f3c6f31][38;5;-113m[AndroidUiautomator2Driver@4ceb] Starting 'io.appium.android.apis/io.appium.android.apis.ApiDemos' and waiting for 'io.appium.android.apis/io.appium.android.apis.ApiDemos'
2025-08-26 06:08:39:634 [9f3c6f31][ADB] Running '/Users/rohitsharma/Library/Android/sdk/platform-tools/adb -P 5037 -s emulator-5554 shell am start-activity -W -n io.appium.android.apis/io.appium.android.apis.ApiDemos -S -a android.intent.action.MAIN -c android.intent.category.LAUNCHER -f 0x10200000'
2025-08-26 06:08:44:199 [9f3c6f31][ADB] Expected package names to be focused within 20000ms: 'io.appium.android.apis'
2025-08-26 06:08:44:207 [9f3c6f31][ADB] Expected activity name patterns to be focused within 20000ms: '/^io\.appium\.android\.apis\.ApiDemos$/'
2025-08-26 06:08:44:218 [9f3c6f31][ADB] Getting focused package and activity
2025-08-26 06:08:44:221 [9f3c6f31][ADB] Running '/Users/rohitsharma/Library/Android/sdk/platform-tools/adb -P 5037 -s emulator-5554 shell dumpsys window displays'
2025-08-26 06:08:44:545 [9f3c6f31][ADB] Focused package: io.appium.android.apis
2025-08-26 06:08:44:545 [9f3c6f31][ADB] Focused fully qualified activity name: io.appium.android.apis.ApiDemos
2025-08-26 06:08:44:570 [9f3c6f31][AppiumDriver@030a] New AndroidUiautomator2Driver session created successfully, session 9f3c6f31-6a4d-436b-908c-c4654e2bb01f added to master session list
2025-08-26 06:08:44:589 [9f3c6f31][AppiumDriver@030a] Event 'newSessionStarted' logged at 1756188524587 (11:38:44 GMT+0530 (India Standard Time))
2025-08-26 06:08:44:591 [9f3c6f31][38;5;-113m[AndroidUiautomator2Driver@4ceb] Cached the protocol value 'W3C' for the new session 9f3c6f31-6a4d-436b-908c-c4654e2bb01f
2025-08-26 06:08:44:592 [9f3c6f31][38;5;-113m[AndroidUiautomator2Driver@4ceb] Responding to client with driver.createSession() result: {"capabilities":{"platformName":"ANDROID","deviceName":"emulator-5554","automationName":"UIAutomator2","app":"/Users/rohitsharma/eclipse-workspace/Appium/ApiDemos-debug.apk","platform":"LINUX","webStorageEnabled":false,"takesScreenshot":true,"javascriptEnabled":true,"databaseEnabled":false,"networkConnectionEnabled":true,"locationContextEnabled":false,"warnings":{},"desired":{"platformName":"ANDROID","deviceName":"pixel7","automationName":"UIAutomator2","app":"/Users/rohitsharma/eclipse-workspace/Appium/ApiDemos-debug.apk"},"deviceUDID":"emulator-5554","appPackage":"io.appium.android.apis","appActivity":"io.appium.android.apis.ApiDemos","pixelRatio":"3.5","statBarHeight":144,"viewportRect":{"left":0,"top":144,"width":1440,"height":2976},"deviceApiLevel":36,"platformVersion":"16","deviceManufacturer":"Google","deviceModel":"sdk_gphone64_arm64","deviceScreenSize":"1440x3120","deviceScreenDensity":560}}
2025-08-26 06:08:44:625 [9f3c6f31][HTTP] <-- POST /session 200 16055 ms - 974 
2025-08-26 06:08:44:807 [9f3c6f31][HTTP] --> POST /session/9f3c6f31-6a4d-436b-908c-c4654e2bb01f/timeouts {"implicit":10000}
2025-08-26 06:08:44:810 [9f3c6f31][38;5;-113m[AndroidUiautomator2Driver@4ceb] Calling AppiumDriver.timeouts() with args: [null,null,null,null,10000,"9f3c6f31-6a4d-436b-908c-c4654e2bb01f"]
2025-08-26 06:08:44:811 [9f3c6f31][38;5;-113m[AndroidUiautomator2Driver@4ceb] W3C timeout argument: {"implicit":10000}}
2025-08-26 06:08:44:811 [9f3c6f31][38;5;-113m[AndroidUiautomator2Driver@4ceb] Set implicit wait to 10000ms
2025-08-26 06:08:44:812 [9f3c6f31][38;5;-113m[AndroidUiautomator2Driver@4ceb] Responding to client with driver.timeouts() result: null
2025-08-26 06:08:44:813 [9f3c6f31][HTTP] <-- POST /session/9f3c6f31-6a4d-436b-908c-c4654e2bb01f/timeouts 200 5 ms - 14 
2025-08-26 06:08:44:865 [9f3c6f31][HTTP] --> POST /session/9f3c6f31-6a4d-436b-908c-c4654e2bb01f/element {"using":"accessibility id","value":"Preference"}
2025-08-26 06:08:44:870 [9f3c6f31][38;5;-113m[AndroidUiautomator2Driver@4ceb] Calling AppiumDriver.findElement() with args: ["accessibility id","Preference","9f3c6f31-6a4d-436b-908c-c4654e2bb01f"]
2025-08-26 06:08:44:870 [9f3c6f31][38;5;-113m[AndroidUiautomator2Driver@4ceb] Valid locator strategies for this request: xpath, id, class name, accessibility id, css selector, -android uiautomator
2025-08-26 06:08:44:871 [9f3c6f31][38;5;-113m[AndroidUiautomator2Driver@4ceb] Waiting up to 10000 ms for condition
2025-08-26 06:08:44:880 [9f3c6f31][38;5;-113m[AndroidUiautomator2Driver@4ceb] Matched '/element' to command name 'findElement'
2025-08-26 06:08:44:881 [9f3c6f31][38;5;-113m[AndroidUiautomator2Driver@4ceb] Proxying [POST /element] to [POST http://127.0.0.1:8200/session/f17865d5-eb25-46d0-9a48-03785c5b52a5/element] with body: {"strategy":"accessibility id","selector":"Preference","context":"","multiple":false}
2025-08-26 06:08:45:291 [9f3c6f31][38;5;-113m[AndroidUiautomator2Driver@4ceb] Got response with status 200: {"sessionId":"f17865d5-eb25-46d0-9a48-03785c5b52a5","value":{"ELEMENT":"00000000-0000-0068-ffff-ffff00000012","element-6066-11e4-a52e-4f735466cecf":"00000000-0000-0068-ffff-ffff00000012"}}
2025-08-26 06:08:45:294 [9f3c6f31][38;5;-113m[AndroidUiautomator2Driver@4ceb] Responding to client with driver.findElement() result: {"element-6066-11e4-a52e-4f735466cecf":"00000000-0000-0068-ffff-ffff00000012","ELEMENT":"00000000-0000-0068-ffff-ffff00000012"}
2025-08-26 06:08:45:296 [9f3c6f31][HTTP] <-- POST /session/9f3c6f31-6a4d-436b-908c-c4654e2bb01f/element 200 431 ms - 137 
2025-08-26 06:08:45:341 [9f3c6f31][HTTP] --> POST /session/9f3c6f31-6a4d-436b-908c-c4654e2bb01f/element/00000000-0000-0068-ffff-ffff00000012/click {"id":"00000000-0000-0068-ffff-ffff00000012"}
2025-08-26 06:08:45:342 [9f3c6f31][38;5;-113m[AndroidUiautomator2Driver@4ceb] Calling AppiumDriver.click() with args: ["00000000-0000-0068-ffff-ffff00000012","9f3c6f31-6a4d-436b-908c-c4654e2bb01f"]
2025-08-26 06:08:45:345 [9f3c6f31][38;5;-113m[AndroidUiautomator2Driver@4ceb] Matched '/element/00000000-0000-0068-ffff-ffff00000012/click' to command name 'click'
2025-08-26 06:08:45:345 [9f3c6f31][38;5;-113m[AndroidUiautomator2Driver@4ceb] Proxying [POST /element/00000000-0000-0068-ffff-ffff00000012/click] to [POST http://127.0.0.1:8200/session/f17865d5-eb25-46d0-9a48-03785c5b52a5/element/00000000-0000-0068-ffff-ffff00000012/click] with body: {"element":"00000000-0000-0068-ffff-ffff00000012"}
2025-08-26 06:08:45:873 [9f3c6f31][38;5;-113m[AndroidUiautomator2Driver@4ceb] Got response with status 200: {"sessionId":"f17865d5-eb25-46d0-9a48-03785c5b52a5","value":null}
2025-08-26 06:08:45:874 [9f3c6f31][38;5;-113m[AndroidUiautomator2Driver@4ceb] Responding to client with driver.click() result: null
2025-08-26 06:08:45:875 [9f3c6f31][HTTP] <-- POST /session/9f3c6f31-6a4d-436b-908c-c4654e2bb01f/element/00000000-0000-0068-ffff-ffff00000012/click 200 533 ms - 14 
2025-08-26 06:08:45:900 [9f3c6f31][HTTP] --> POST /session/9f3c6f31-6a4d-436b-908c-c4654e2bb01f/element {"using":"accessibility id","value":"3. Preference dependencies"}
2025-08-26 06:08:45:900 [9f3c6f31][38;5;-113m[AndroidUiautomator2Driver@4ceb] Calling AppiumDriver.findElement() with args: ["accessibility id","3. Preference dependencies","9f3c6f31-6a4d-436b-908c-c4654e2bb01f"]
2025-08-26 06:08:45:901 [9f3c6f31][38;5;-113m[AndroidUiautomator2Driver@4ceb] Valid locator strategies for this request: xpath, id, class name, accessibility id, css selector, -android uiautomator
2025-08-26 06:08:45:904 [9f3c6f31][38;5;-113m[AndroidUiautomator2Driver@4ceb] Waiting up to 10000 ms for condition
2025-08-26 06:08:45:905 [9f3c6f31][38;5;-113m[AndroidUiautomator2Driver@4ceb] Matched '/element' to command name 'findElement'
2025-08-26 06:08:45:905 [9f3c6f31][38;5;-113m[AndroidUiautomator2Driver@4ceb] Proxying [POST /element] to [POST http://127.0.0.1:8200/session/f17865d5-eb25-46d0-9a48-03785c5b52a5/element] with body: {"strategy":"accessibility id","selector":"3. Preference dependencies","context":"","multiple":false}
2025-08-26 06:08:49:573 [9f3c6f31][38;5;-113m[AndroidUiautomator2Driver@4ceb] Got response with status 404: {"sessionId":"f17865d5-eb25-46d0-9a48-03785c5b52a5","value":{"error":"no such element","message":"An element could not be located on the page using the given search parameters","stacktrace":"io.appium.uiautomator2.common.exceptions.ElementNotFoundException: An element could not be located on the page using the given search parameters\n\tat io.appium.uiautomator2.handler.FindElement.safeHandle(FindElement.java:63)\n\tat io.appium.uiautomator2.handler.request.SafeRequestHandler.handle(SafeRequestHandler.java:59)\n\tat io.appium.uiautomator2.server.AppiumServlet.handleRequest(AppiumServlet.java:259)\n\tat io.appium.uiautomator2.server.AppiumServlet.handleHttpRequest(AppiumServlet.java:253)\n\tat io.appium.uiautomator2.http.ServerHandler.channelRead(ServerHandler.java:77)\n\tat io.netty.channel.AbstractChannelHandlerContext.invokeChannelRead(AbstractChannelHandlerContext.java:374)\n\tat io.netty.channel.AbstractChannelHandlerContext.invokeChannelRead(AbstractChannelHandlerContext.java:360)\n\tat io.netty.chann...
2025-08-26 06:08:49:583 [9f3c6f31][W3C] Matched W3C error code 'no such element' to NoSuchElementError
2025-08-26 06:08:49:585 [9f3c6f31][38;5;-113m[AndroidUiautomator2Driver@4ceb] Waited for 3680 ms so far
2025-08-26 06:08:50:095 [9f3c6f31][38;5;-113m[AndroidUiautomator2Driver@4ceb] Matched '/element' to command name 'findElement'
2025-08-26 06:08:50:096 [9f3c6f31][38;5;-113m[AndroidUiautomator2Driver@4ceb] Proxying [POST /element] to [POST http://127.0.0.1:8200/session/f17865d5-eb25-46d0-9a48-03785c5b52a5/element] with body: {"strategy":"accessibility id","selector":"3. Preference dependencies","context":"","multiple":false}
2025-08-26 06:08:50:214 [9f3c6f31][38;5;-113m[AndroidUiautomator2Driver@4ceb] Got response with status 200: {"sessionId":"f17865d5-eb25-46d0-9a48-03785c5b52a5","value":{"ELEMENT":"00000000-0000-0069-ffff-ffff00000021","element-6066-11e4-a52e-4f735466cecf":"00000000-0000-0069-ffff-ffff00000021"}}
2025-08-26 06:08:50:217 [9f3c6f31][38;5;-113m[AndroidUiautomator2Driver@4ceb] Responding to client with driver.findElement() result: {"element-6066-11e4-a52e-4f735466cecf":"00000000-0000-0069-ffff-ffff00000021","ELEMENT":"00000000-0000-0069-ffff-ffff00000021"}
2025-08-26 06:08:50:222 [9f3c6f31][HTTP] <-- POST /session/9f3c6f31-6a4d-436b-908c-c4654e2bb01f/element 200 4322 ms - 137 
2025-08-26 06:08:50:237 [9f3c6f31][HTTP] --> POST /session/9f3c6f31-6a4d-436b-908c-c4654e2bb01f/element/00000000-0000-0069-ffff-ffff00000021/click {"id":"00000000-0000-0069-ffff-ffff00000021"}
2025-08-26 06:08:50:239 [9f3c6f31][38;5;-113m[AndroidUiautomator2Driver@4ceb] Calling AppiumDriver.click() with args: ["00000000-0000-0069-ffff-ffff00000021","9f3c6f31-6a4d-436b-908c-c4654e2bb01f"]
2025-08-26 06:08:50:243 [9f3c6f31][38;5;-113m[AndroidUiautomator2Driver@4ceb] Matched '/element/00000000-0000-0069-ffff-ffff00000021/click' to command name 'click'
2025-08-26 06:08:50:243 [9f3c6f31][38;5;-113m[AndroidUiautomator2Driver@4ceb] Proxying [POST /element/00000000-0000-0069-ffff-ffff00000021/click] to [POST http://127.0.0.1:8200/session/f17865d5-eb25-46d0-9a48-03785c5b52a5/element/00000000-0000-0069-ffff-ffff00000021/click] with body: {"element":"00000000-0000-0069-ffff-ffff00000021"}
2025-08-26 06:08:50:388 [9f3c6f31][38;5;-113m[AndroidUiautomator2Driver@4ceb] Got response with status 200: {"sessionId":"f17865d5-eb25-46d0-9a48-03785c5b52a5","value":null}
2025-08-26 06:08:50:389 [9f3c6f31][38;5;-113m[AndroidUiautomator2Driver@4ceb] Responding to client with driver.click() result: null
2025-08-26 06:08:50:390 [9f3c6f31][HTTP] <-- POST /session/9f3c6f31-6a4d-436b-908c-c4654e2bb01f/element/00000000-0000-0069-ffff-ffff00000021/click 200 154 ms - 14 
2025-08-26 06:08:50:405 [9f3c6f31][HTTP] --> POST /session/9f3c6f31-6a4d-436b-908c-c4654e2bb01f/element {"using":"id","value":"android:id/checkbox"}
2025-08-26 06:08:50:405 [9f3c6f31][38;5;-113m[AndroidUiautomator2Driver@4ceb] Calling AppiumDriver.findElement() with args: ["id","android:id/checkbox","9f3c6f31-6a4d-436b-908c-c4654e2bb01f"]
2025-08-26 06:08:50:406 [9f3c6f31][38;5;-113m[AndroidUiautomator2Driver@4ceb] Valid locator strategies for this request: xpath, id, class name, accessibility id, css selector, -android uiautomator
2025-08-26 06:08:50:406 [9f3c6f31][38;5;-113m[AndroidUiautomator2Driver@4ceb] Waiting up to 10000 ms for condition
2025-08-26 06:08:50:410 [9f3c6f31][38;5;-113m[AndroidUiautomator2Driver@4ceb] Matched '/element' to command name 'findElement'
2025-08-26 06:08:50:411 [9f3c6f31][38;5;-113m[AndroidUiautomator2Driver@4ceb] Proxying [POST /element] to [POST http://127.0.0.1:8200/session/f17865d5-eb25-46d0-9a48-03785c5b52a5/element] with body: {"strategy":"id","selector":"android:id/checkbox","context":"","multiple":false}
2025-08-26 06:08:51:958 [9f3c6f31][38;5;-113m[AndroidUiautomator2Driver@4ceb] Got response with status 404: {"sessionId":"f17865d5-eb25-46d0-9a48-03785c5b52a5","value":{"error":"no such element","message":"An element could not be located on the page using the given search parameters","stacktrace":"io.appium.uiautomator2.common.exceptions.ElementNotFoundException: An element could not be located on the page using the given search parameters\n\tat io.appium.uiautomator2.handler.FindElement.safeHandle(FindElement.java:63)\n\tat io.appium.uiautomator2.handler.request.SafeRequestHandler.handle(SafeRequestHandler.java:59)\n\tat io.appium.uiautomator2.server.AppiumServlet.handleRequest(AppiumServlet.java:259)\n\tat io.appium.uiautomator2.server.AppiumServlet.handleHttpRequest(AppiumServlet.java:253)\n\tat io.appium.uiautomator2.http.ServerHandler.channelRead(ServerHandler.java:77)\n\tat io.netty.channel.AbstractChannelHandlerContext.invokeChannelRead(AbstractChannelHandlerContext.java:374)\n\tat io.netty.channel.AbstractChannelHandlerContext.invokeChannelRead(AbstractChannelHandlerContext.java:360)\n\tat io.netty.chann...
2025-08-26 06:08:51:966 [9f3c6f31][W3C] Matched W3C error code 'no such element' to NoSuchElementError
2025-08-26 06:08:51:967 [9f3c6f31][38;5;-113m[AndroidUiautomator2Driver@4ceb] Waited for 1561 ms so far
2025-08-26 06:08:52:487 [9f3c6f31][38;5;-113m[AndroidUiautomator2Driver@4ceb] Matched '/element' to command name 'findElement'
2025-08-26 06:08:52:488 [9f3c6f31][38;5;-113m[AndroidUiautomator2Driver@4ceb] Proxying [POST /element] to [POST http://127.0.0.1:8200/session/f17865d5-eb25-46d0-9a48-03785c5b52a5/element] with body: {"strategy":"id","selector":"android:id/checkbox","context":"","multiple":false}
2025-08-26 06:08:53:174 [9f3c6f31][38;5;-113m[AndroidUiautomator2Driver@4ceb] Got response with status 200: {"sessionId":"f17865d5-eb25-46d0-9a48-03785c5b52a5","value":{"ELEMENT":"00000000-0000-006a-ffff-ffff00000044","element-6066-11e4-a52e-4f735466cecf":"00000000-0000-006a-ffff-ffff00000044"}}
2025-08-26 06:08:53:193 [9f3c6f31][38;5;-113m[AndroidUiautomator2Driver@4ceb] Responding to client with driver.findElement() result: {"element-6066-11e4-a52e-4f735466cecf":"00000000-0000-006a-ffff-ffff00000044","ELEMENT":"00000000-0000-006a-ffff-ffff00000044"}
2025-08-26 06:08:53:204 [9f3c6f31][HTTP] <-- POST /session/9f3c6f31-6a4d-436b-908c-c4654e2bb01f/element 200 2797 ms - 137 
2025-08-26 06:08:53:295 [9f3c6f31][HTTP] --> POST /session/9f3c6f31-6a4d-436b-908c-c4654e2bb01f/element/00000000-0000-006a-ffff-ffff00000044/click {"id":"00000000-0000-006a-ffff-ffff00000044"}
2025-08-26 06:08:53:299 [9f3c6f31][38;5;-113m[AndroidUiautomator2Driver@4ceb] Calling AppiumDriver.click() with args: ["00000000-0000-006a-ffff-ffff00000044","9f3c6f31-6a4d-436b-908c-c4654e2bb01f"]
2025-08-26 06:08:53:317 [9f3c6f31][38;5;-113m[AndroidUiautomator2Driver@4ceb] Matched '/element/00000000-0000-006a-ffff-ffff00000044/click' to command name 'click'
2025-08-26 06:08:53:317 [9f3c6f31][38;5;-113m[AndroidUiautomator2Driver@4ceb] Proxying [POST /element/00000000-0000-006a-ffff-ffff00000044/click] to [POST http://127.0.0.1:8200/session/f17865d5-eb25-46d0-9a48-03785c5b52a5/element/00000000-0000-006a-ffff-ffff00000044/click] with body: {"element":"00000000-0000-006a-ffff-ffff00000044"}
2025-08-26 06:08:53:543 [9f3c6f31][38;5;-113m[AndroidUiautomator2Driver@4ceb] Got response with status 200: {"sessionId":"f17865d5-eb25-46d0-9a48-03785c5b52a5","value":null}
2025-08-26 06:08:53:544 [9f3c6f31][38;5;-113m[AndroidUiautomator2Driver@4ceb] Responding to client with driver.click() result: null
2025-08-26 06:08:53:551 [9f3c6f31][HTTP] <-- POST /session/9f3c6f31-6a4d-436b-908c-c4654e2bb01f/element/00000000-0000-006a-ffff-ffff00000044/click 200 253 ms - 14 
2025-08-26 06:08:53:600 [9f3c6f31][HTTP] --> POST /session/9f3c6f31-6a4d-436b-908c-c4654e2bb01f/element {"using":"-android uiautomator","value":"new UiSelector().className(\"android.widget.RelativeLayout\").instance(1)"}
2025-08-26 06:08:53:601 [9f3c6f31][38;5;-113m[AndroidUiautomator2Driver@4ceb] Calling AppiumDriver.findElement() with args: ["-android uiautomator","new UiSelector().className(\"android.widget.RelativeLayout\").instance(1)","9f3c6f31-6a4d-436b-908c-c4654e2bb01f"]
2025-08-26 06:08:53:602 [9f3c6f31][38;5;-113m[AndroidUiautomator2Driver@4ceb] Valid locator strategies for this request: xpath, id, class name, accessibility id, css selector, -android uiautomator
2025-08-26 06:08:53:602 [9f3c6f31][38;5;-113m[AndroidUiautomator2Driver@4ceb] Waiting up to 10000 ms for condition
2025-08-26 06:08:53:609 [9f3c6f31][38;5;-113m[AndroidUiautomator2Driver@4ceb] Matched '/element' to command name 'findElement'
2025-08-26 06:08:53:611 [9f3c6f31][38;5;-113m[AndroidUiautomator2Driver@4ceb] Proxying [POST /element] to [POST http://127.0.0.1:8200/session/f17865d5-eb25-46d0-9a48-03785c5b52a5/element] with body: {"strategy":"-android uiautomator","selector":"new UiSelector().className(\"android.widget.RelativeLayout\").instance(1)","context":"","multiple":false}
2025-08-26 06:08:54:772 [9f3c6f31][38;5;-113m[AndroidUiautomator2Driver@4ceb] Got response with status 200: {"sessionId":"f17865d5-eb25-46d0-9a48-03785c5b52a5","value":{"ELEMENT":"00000000-0000-006a-ffff-ffff00000048","element-6066-11e4-a52e-4f735466cecf":"00000000-0000-006a-ffff-ffff00000048"}}
2025-08-26 06:08:54:933 [9f3c6f31][38;5;-113m[AndroidUiautomator2Driver@4ceb] Responding to client with driver.findElement() result: {"element-6066-11e4-a52e-4f735466cecf":"00000000-0000-006a-ffff-ffff00000048","ELEMENT":"00000000-0000-006a-ffff-ffff00000048"}
2025-08-26 06:08:54:971 [9f3c6f31][HTTP] <-- POST /session/9f3c6f31-6a4d-436b-908c-c4654e2bb01f/element 200 1357 ms - 137 
2025-08-26 06:08:54:986 [9f3c6f31][HTTP] --> POST /session/9f3c6f31-6a4d-436b-908c-c4654e2bb01f/element/00000000-0000-006a-ffff-ffff00000048/click {"id":"00000000-0000-006a-ffff-ffff00000048"}
2025-08-26 06:08:54:990 [9f3c6f31][38;5;-113m[AndroidUiautomator2Driver@4ceb] Calling AppiumDriver.click() with args: ["00000000-0000-006a-ffff-ffff00000048","9f3c6f31-6a4d-436b-908c-c4654e2bb01f"]
2025-08-26 06:08:55:016 [9f3c6f31][38;5;-113m[AndroidUiautomator2Driver@4ceb] Matched '/element/00000000-0000-006a-ffff-ffff00000048/click' to command name 'click'
2025-08-26 06:08:55:017 [9f3c6f31][38;5;-113m[AndroidUiautomator2Driver@4ceb] Proxying [POST /element/00000000-0000-006a-ffff-ffff00000048/click] to [POST http://127.0.0.1:8200/session/f17865d5-eb25-46d0-9a48-03785c5b52a5/element/00000000-0000-006a-ffff-ffff00000048/click] with body: {"element":"00000000-0000-006a-ffff-ffff00000048"}
2025-08-26 06:08:55:798 [9f3c6f31][38;5;-113m[AndroidUiautomator2Driver@4ceb] Got response with status 200: {"sessionId":"f17865d5-eb25-46d0-9a48-03785c5b52a5","value":null}
2025-08-26 06:08:55:799 [9f3c6f31][38;5;-113m[AndroidUiautomator2Driver@4ceb] Responding to client with driver.click() result: null
2025-08-26 06:08:55:802 [9f3c6f31][HTTP] <-- POST /session/9f3c6f31-6a4d-436b-908c-c4654e2bb01f/element/00000000-0000-006a-ffff-ffff00000048/click 200 816 ms - 14 
2025-08-26 06:08:55:849 [9f3c6f31][HTTP] --> POST /session/9f3c6f31-6a4d-436b-908c-c4654e2bb01f/element {"using":"id","value":"android:id/edit"}
2025-08-26 06:08:55:850 [9f3c6f31][38;5;-113m[AndroidUiautomator2Driver@4ceb] Calling AppiumDriver.findElement() with args: ["id","android:id/edit","9f3c6f31-6a4d-436b-908c-c4654e2bb01f"]
2025-08-26 06:08:55:850 [9f3c6f31][38;5;-113m[AndroidUiautomator2Driver@4ceb] Valid locator strategies for this request: xpath, id, class name, accessibility id, css selector, -android uiautomator
2025-08-26 06:08:55:851 [9f3c6f31][38;5;-113m[AndroidUiautomator2Driver@4ceb] Waiting up to 10000 ms for condition
2025-08-26 06:08:55:861 [9f3c6f31][38;5;-113m[AndroidUiautomator2Driver@4ceb] Matched '/element' to command name 'findElement'
2025-08-26 06:08:55:861 [9f3c6f31][38;5;-113m[AndroidUiautomator2Driver@4ceb] Proxying [POST /element] to [POST http://127.0.0.1:8200/session/f17865d5-eb25-46d0-9a48-03785c5b52a5/element] with body: {"strategy":"id","selector":"android:id/edit","context":"","multiple":false}
2025-08-26 06:09:00:308 [9f3c6f31][38;5;-113m[AndroidUiautomator2Driver@4ceb] Got response with status 200: {"sessionId":"f17865d5-eb25-46d0-9a48-03785c5b52a5","value":{"ELEMENT":"00000000-0000-006b-ffff-ffff0000004c","element-6066-11e4-a52e-4f735466cecf":"00000000-0000-006b-ffff-ffff0000004c"}}
2025-08-26 06:09:00:316 [9f3c6f31][38;5;-113m[AndroidUiautomator2Driver@4ceb] Responding to client with driver.findElement() result: {"element-6066-11e4-a52e-4f735466cecf":"00000000-0000-006b-ffff-ffff0000004c","ELEMENT":"00000000-0000-006b-ffff-ffff0000004c"}
2025-08-26 06:09:00:324 [9f3c6f31][HTTP] <-- POST /session/9f3c6f31-6a4d-436b-908c-c4654e2bb01f/element 200 4473 ms - 137 
2025-08-26 06:09:00:391 [9f3c6f31][HTTP] --> POST /session/9f3c6f31-6a4d-436b-908c-c4654e2bb01f/element/00000000-0000-006b-ffff-ffff0000004c/value {"id":"00000000-0000-006b-ffff-ffff0000004c","value":["r","o","h","i","t"],"text":"rohit"}
2025-08-26 06:09:00:395 [9f3c6f31][38;5;-113m[AndroidUiautomator2Driver@4ceb] Calling AppiumDriver.setValue() with args: [["r","o","h","i","t"],"00000000-0000-006b-ffff-ffff0000004c","9f3c6f31-6a4d-436b-908c-c4654e2bb01f"]
2025-08-26 06:09:00:407 [9f3c6f31][38;5;-113m[AndroidUiautomator2Driver@4ceb] Matched '/element/00000000-0000-006b-ffff-ffff0000004c/value' to command name 'setValue'
2025-08-26 06:09:00:412 [9f3c6f31][38;5;-113m[AndroidUiautomator2Driver@4ceb] Added 'value' property ["r","o","h","i","t"] to 'setValue' request body
2025-08-26 06:09:00:413 [9f3c6f31][38;5;-113m[AndroidUiautomator2Driver@4ceb] Proxying [POST /element/00000000-0000-006b-ffff-ffff0000004c/value] to [POST http://127.0.0.1:8200/session/f17865d5-eb25-46d0-9a48-03785c5b52a5/element/00000000-0000-006b-ffff-ffff0000004c/value] with body: {"elementId":"00000000-0000-006b-ffff-ffff0000004c","text":"rohit","replace":false,"value":["r","o","h","i","t"]}
2025-08-26 06:09:01:253 [9f3c6f31][38;5;-113m[AndroidUiautomator2Driver@4ceb] Got response with status 200: {"sessionId":"f17865d5-eb25-46d0-9a48-03785c5b52a5","value":null}
2025-08-26 06:09:01:259 [9f3c6f31][38;5;-113m[AndroidUiautomator2Driver@4ceb] Responding to client with driver.setValue() result: null
2025-08-26 06:09:01:266 [9f3c6f31][HTTP] <-- POST /session/9f3c6f31-6a4d-436b-908c-c4654e2bb01f/element/00000000-0000-006b-ffff-ffff0000004c/value 200 874 ms - 14 
2025-08-26 06:09:01:364 [9f3c6f31][HTTP] --> POST /session/9f3c6f31-6a4d-436b-908c-c4654e2bb01f/element {"using":"xpath","value":"//android.widget.Button"}
2025-08-26 06:09:01:365 [9f3c6f31][38;5;-113m[AndroidUiautomator2Driver@4ceb] Calling AppiumDriver.findElement() with args: ["xpath","//android.widget.Button","9f3c6f31-6a4d-436b-908c-c4654e2bb01f"]
2025-08-26 06:09:01:366 [9f3c6f31][38;5;-113m[AndroidUiautomator2Driver@4ceb] Valid locator strategies for this request: xpath, id, class name, accessibility id, css selector, -android uiautomator
2025-08-26 06:09:01:366 [9f3c6f31][38;5;-113m[AndroidUiautomator2Driver@4ceb] Waiting up to 10000 ms for condition
2025-08-26 06:09:01:374 [9f3c6f31][38;5;-113m[AndroidUiautomator2Driver@4ceb] Matched '/element' to command name 'findElement'
2025-08-26 06:09:01:375 [9f3c6f31][38;5;-113m[AndroidUiautomator2Driver@4ceb] Proxying [POST /element] to [POST http://127.0.0.1:8200/session/f17865d5-eb25-46d0-9a48-03785c5b52a5/element] with body: {"strategy":"xpath","selector":"//android.widget.Button","context":"","multiple":false}
2025-08-26 06:09:08:312 [9f3c6f31][38;5;-113m[AndroidUiautomator2Driver@4ceb] Got response with status 200: {"sessionId":"f17865d5-eb25-46d0-9a48-03785c5b52a5","value":{"ELEMENT":"00000000-0000-006b-ffff-ffff00000064","element-6066-11e4-a52e-4f735466cecf":"00000000-0000-006b-ffff-ffff00000064"}}
2025-08-26 06:09:08:318 [9f3c6f31][38;5;-113m[AndroidUiautomator2Driver@4ceb] Responding to client with driver.findElement() result: {"element-6066-11e4-a52e-4f735466cecf":"00000000-0000-006b-ffff-ffff00000064","ELEMENT":"00000000-0000-006b-ffff-ffff00000064"}
2025-08-26 06:09:08:335 [9f3c6f31][HTTP] <-- POST /session/9f3c6f31-6a4d-436b-908c-c4654e2bb01f/element 200 6957 ms - 137 
2025-08-26 06:09:08:414 [9f3c6f31][HTTP] --> POST /session/9f3c6f31-6a4d-436b-908c-c4654e2bb01f/element/00000000-0000-006b-ffff-ffff00000064/click {"id":"00000000-0000-006b-ffff-ffff00000064"}
2025-08-26 06:09:08:417 [9f3c6f31][38;5;-113m[AndroidUiautomator2Driver@4ceb] Calling AppiumDriver.click() with args: ["00000000-0000-006b-ffff-ffff00000064","9f3c6f31-6a4d-436b-908c-c4654e2bb01f"]
2025-08-26 06:09:08:427 [9f3c6f31][38;5;-113m[AndroidUiautomator2Driver@4ceb] Matched '/element/00000000-0000-006b-ffff-ffff00000064/click' to command name 'click'
2025-08-26 06:09:08:427 [9f3c6f31][38;5;-113m[AndroidUiautomator2Driver@4ceb] Proxying [POST /element/00000000-0000-006b-ffff-ffff00000064/click] to [POST http://127.0.0.1:8200/session/f17865d5-eb25-46d0-9a48-03785c5b52a5/element/00000000-0000-006b-ffff-ffff00000064/click] with body: {"element":"00000000-0000-006b-ffff-ffff00000064"}
2025-08-26 06:09:09:700 [9f3c6f31][38;5;-113m[AndroidUiautomator2Driver@4ceb] Got response with status 200: {"sessionId":"f17865d5-eb25-46d0-9a48-03785c5b52a5","value":null}
2025-08-26 06:09:09:700 [9f3c6f31][38;5;-113m[AndroidUiautomator2Driver@4ceb] Responding to client with driver.click() result: null
2025-08-26 06:09:09:701 [9f3c6f31][HTTP] <-- POST /session/9f3c6f31-6a4d-436b-908c-c4654e2bb01f/element/00000000-0000-006b-ffff-ffff00000064/click 200 1288 ms - 14 
2025-08-26 06:09:09:729 [9f3c6f31][HTTP] --> POST /session/9f3c6f31-6a4d-436b-908c-c4654e2bb01f/element {"using":"id","value":"android:id/edit"}
2025-08-26 06:09:09:730 [9f3c6f31][38;5;-113m[AndroidUiautomator2Driver@4ceb] Calling AppiumDriver.findElement() with args: ["id","android:id/edit","9f3c6f31-6a4d-436b-908c-c4654e2bb01f"]
2025-08-26 06:09:09:730 [9f3c6f31][38;5;-113m[AndroidUiautomator2Driver@4ceb] Valid locator strategies for this request: xpath, id, class name, accessibility id, css selector, -android uiautomator
2025-08-26 06:09:09:730 [9f3c6f31][38;5;-113m[AndroidUiautomator2Driver@4ceb] Waiting up to 10000 ms for condition
2025-08-26 06:09:09:735 [9f3c6f31][38;5;-113m[AndroidUiautomator2Driver@4ceb] Matched '/element' to command name 'findElement'
2025-08-26 06:09:09:735 [9f3c6f31][38;5;-113m[AndroidUiautomator2Driver@4ceb] Proxying [POST /element] to [POST http://127.0.0.1:8200/session/f17865d5-eb25-46d0-9a48-03785c5b52a5/element] with body: {"strategy":"id","selector":"android:id/edit","context":"","multiple":false}
2025-08-26 06:09:10:337 [9f3c6f31][38;5;-113m[AndroidUiautomator2Driver@4ceb] Got response with status 404: {"sessionId":"f17865d5-eb25-46d0-9a48-03785c5b52a5","value":{"error":"no such element","message":"An element could not be located on the page using the given search parameters","stacktrace":"io.appium.uiautomator2.common.exceptions.ElementNotFoundException: An element could not be located on the page using the given search parameters\n\tat io.appium.uiautomator2.handler.FindElement.safeHandle(FindElement.java:63)\n\tat io.appium.uiautomator2.handler.request.SafeRequestHandler.handle(SafeRequestHandler.java:59)\n\tat io.appium.uiautomator2.server.AppiumServlet.handleRequest(AppiumServlet.java:259)\n\tat io.appium.uiautomator2.server.AppiumServlet.handleHttpRequest(AppiumServlet.java:253)\n\tat io.appium.uiautomator2.http.ServerHandler.channelRead(ServerHandler.java:77)\n\tat io.netty.channel.AbstractChannelHandlerContext.invokeChannelRead(AbstractChannelHandlerContext.java:374)\n\tat io.netty.channel.AbstractChannelHandlerContext.invokeChannelRead(AbstractChannelHandlerContext.java:360)\n\tat io.netty.chann...
2025-08-26 06:09:10:341 [9f3c6f31][W3C] Matched W3C error code 'no such element' to NoSuchElementError
2025-08-26 06:09:10:341 [9f3c6f31][38;5;-113m[AndroidUiautomator2Driver@4ceb] Waited for 611 ms so far
2025-08-26 06:09:10:867 [9f3c6f31][38;5;-113m[AndroidUiautomator2Driver@4ceb] Matched '/element' to command name 'findElement'
2025-08-26 06:09:10:868 [9f3c6f31][38;5;-113m[AndroidUiautomator2Driver@4ceb] Proxying [POST /element] to [POST http://127.0.0.1:8200/session/f17865d5-eb25-46d0-9a48-03785c5b52a5/element] with body: {"strategy":"id","selector":"android:id/edit","context":"","multiple":false}
2025-08-26 06:09:12:209 [9f3c6f31][38;5;-113m[AndroidUiautomator2Driver@4ceb] Got response with status 404: {"sessionId":"f17865d5-eb25-46d0-9a48-03785c5b52a5","value":{"error":"no such element","message":"An element could not be located on the page using the given search parameters","stacktrace":"io.appium.uiautomator2.common.exceptions.ElementNotFoundException: An element could not be located on the page using the given search parameters\n\tat io.appium.uiautomator2.handler.FindElement.safeHandle(FindElement.java:63)\n\tat io.appium.uiautomator2.handler.request.SafeRequestHandler.handle(SafeRequestHandler.java:59)\n\tat io.appium.uiautomator2.server.AppiumServlet.handleRequest(AppiumServlet.java:259)\n\tat io.appium.uiautomator2.server.AppiumServlet.handleHttpRequest(AppiumServlet.java:253)\n\tat io.appium.uiautomator2.http.ServerHandler.channelRead(ServerHandler.java:77)\n\tat io.netty.channel.AbstractChannelHandlerContext.invokeChannelRead(AbstractChannelHandlerContext.java:374)\n\tat io.netty.channel.AbstractChannelHandlerContext.invokeChannelRead(AbstractChannelHandlerContext.java:360)\n\tat io.netty.chann...
2025-08-26 06:09:12:215 [9f3c6f31][W3C] Matched W3C error code 'no such element' to NoSuchElementError
2025-08-26 06:09:12:215 [9f3c6f31][38;5;-113m[AndroidUiautomator2Driver@4ceb] Waited for 2485 ms so far
2025-08-26 06:09:12:718 [9f3c6f31][38;5;-113m[AndroidUiautomator2Driver@4ceb] Matched '/element' to command name 'findElement'
2025-08-26 06:09:12:718 [9f3c6f31][38;5;-113m[AndroidUiautomator2Driver@4ceb] Proxying [POST /element] to [POST http://127.0.0.1:8200/session/f17865d5-eb25-46d0-9a48-03785c5b52a5/element] with body: {"strategy":"id","selector":"android:id/edit","context":"","multiple":false}
2025-08-26 06:09:13:536 [9f3c6f31][38;5;-113m[AndroidUiautomator2Driver@4ceb] Got response with status 404: {"sessionId":"f17865d5-eb25-46d0-9a48-03785c5b52a5","value":{"error":"no such element","message":"An element could not be located on the page using the given search parameters","stacktrace":"io.appium.uiautomator2.common.exceptions.ElementNotFoundException: An element could not be located on the page using the given search parameters\n\tat io.appium.uiautomator2.handler.FindElement.safeHandle(FindElement.java:63)\n\tat io.appium.uiautomator2.handler.request.SafeRequestHandler.handle(SafeRequestHandler.java:59)\n\tat io.appium.uiautomator2.server.AppiumServlet.handleRequest(AppiumServlet.java:259)\n\tat io.appium.uiautomator2.server.AppiumServlet.handleHttpRequest(AppiumServlet.java:253)\n\tat io.appium.uiautomator2.http.ServerHandler.channelRead(ServerHandler.java:77)\n\tat io.netty.channel.AbstractChannelHandlerContext.invokeChannelRead(AbstractChannelHandlerContext.java:374)\n\tat io.netty.channel.AbstractChannelHandlerContext.invokeChannelRead(AbstractChannelHandlerContext.java:360)\n\tat io.netty.chann...
2025-08-26 06:09:13:537 [9f3c6f31][W3C] Matched W3C error code 'no such element' to NoSuchElementError
2025-08-26 06:09:13:538 [9f3c6f31][38;5;-113m[AndroidUiautomator2Driver@4ceb] Waited for 3808 ms so far
2025-08-26 06:09:14:060 [9f3c6f31][38;5;-113m[AndroidUiautomator2Driver@4ceb] Matched '/element' to command name 'findElement'
2025-08-26 06:09:14:064 [9f3c6f31][38;5;-113m[AndroidUiautomator2Driver@4ceb] Proxying [POST /element] to [POST http://127.0.0.1:8200/session/f17865d5-eb25-46d0-9a48-03785c5b52a5/element] with body: {"strategy":"id","selector":"android:id/edit","context":"","multiple":false}
2025-08-26 06:09:14:687 [9f3c6f31][38;5;-113m[AndroidUiautomator2Driver@4ceb] Got response with status 404: {"sessionId":"f17865d5-eb25-46d0-9a48-03785c5b52a5","value":{"error":"no such element","message":"An element could not be located on the page using the given search parameters","stacktrace":"io.appium.uiautomator2.common.exceptions.ElementNotFoundException: An element could not be located on the page using the given search parameters\n\tat io.appium.uiautomator2.handler.FindElement.safeHandle(FindElement.java:63)\n\tat io.appium.uiautomator2.handler.request.SafeRequestHandler.handle(SafeRequestHandler.java:59)\n\tat io.appium.uiautomator2.server.AppiumServlet.handleRequest(AppiumServlet.java:259)\n\tat io.appium.uiautomator2.server.AppiumServlet.handleHttpRequest(AppiumServlet.java:253)\n\tat io.appium.uiautomator2.http.ServerHandler.channelRead(ServerHandler.java:77)\n\tat io.netty.channel.AbstractChannelHandlerContext.invokeChannelRead(AbstractChannelHandlerContext.java:374)\n\tat io.netty.channel.AbstractChannelHandlerContext.invokeChannelRead(AbstractChannelHandlerContext.java:360)\n\tat io.netty.chann...
2025-08-26 06:09:14:688 [9f3c6f31][W3C] Matched W3C error code 'no such element' to NoSuchElementError
2025-08-26 06:09:14:688 [9f3c6f31][38;5;-113m[AndroidUiautomator2Driver@4ceb] Waited for 4958 ms so far
2025-08-26 06:09:15:204 [9f3c6f31][38;5;-113m[AndroidUiautomator2Driver@4ceb] Matched '/element' to command name 'findElement'
2025-08-26 06:09:15:205 [9f3c6f31][38;5;-113m[AndroidUiautomator2Driver@4ceb] Proxying [POST /element] to [POST http://127.0.0.1:8200/session/f17865d5-eb25-46d0-9a48-03785c5b52a5/element] with body: {"strategy":"id","selector":"android:id/edit","context":"","multiple":false}
2025-08-26 06:09:15:373 [9f3c6f31][38;5;-113m[AndroidUiautomator2Driver@4ceb] Got response with status 404: {"sessionId":"f17865d5-eb25-46d0-9a48-03785c5b52a5","value":{"error":"no such element","message":"An element could not be located on the page using the given search parameters","stacktrace":"io.appium.uiautomator2.common.exceptions.ElementNotFoundException: An element could not be located on the page using the given search parameters\n\tat io.appium.uiautomator2.handler.FindElement.safeHandle(FindElement.java:63)\n\tat io.appium.uiautomator2.handler.request.SafeRequestHandler.handle(SafeRequestHandler.java:59)\n\tat io.appium.uiautomator2.server.AppiumServlet.handleRequest(AppiumServlet.java:259)\n\tat io.appium.uiautomator2.server.AppiumServlet.handleHttpRequest(AppiumServlet.java:253)\n\tat io.appium.uiautomator2.http.ServerHandler.channelRead(ServerHandler.java:77)\n\tat io.netty.channel.AbstractChannelHandlerContext.invokeChannelRead(AbstractChannelHandlerContext.java:374)\n\tat io.netty.channel.AbstractChannelHandlerContext.invokeChannelRead(AbstractChannelHandlerContext.java:360)\n\tat io.netty.chann...
2025-08-26 06:09:15:374 [9f3c6f31][W3C] Matched W3C error code 'no such element' to NoSuchElementError
2025-08-26 06:09:15:375 [9f3c6f31][38;5;-113m[AndroidUiautomator2Driver@4ceb] Waited for 5644 ms so far
2025-08-26 06:09:15:882 [9f3c6f31][38;5;-113m[AndroidUiautomator2Driver@4ceb] Matched '/element' to command name 'findElement'
2025-08-26 06:09:15:884 [9f3c6f31][38;5;-113m[AndroidUiautomator2Driver@4ceb] Proxying [POST /element] to [POST http://127.0.0.1:8200/session/f17865d5-eb25-46d0-9a48-03785c5b52a5/element] with body: {"strategy":"id","selector":"android:id/edit","context":"","multiple":false}
2025-08-26 06:09:15:987 [9f3c6f31][38;5;-113m[AndroidUiautomator2Driver@4ceb] Got response with status 404: {"sessionId":"f17865d5-eb25-46d0-9a48-03785c5b52a5","value":{"error":"no such element","message":"An element could not be located on the page using the given search parameters","stacktrace":"io.appium.uiautomator2.common.exceptions.ElementNotFoundException: An element could not be located on the page using the given search parameters\n\tat io.appium.uiautomator2.handler.FindElement.safeHandle(FindElement.java:63)\n\tat io.appium.uiautomator2.handler.request.SafeRequestHandler.handle(SafeRequestHandler.java:59)\n\tat io.appium.uiautomator2.server.AppiumServlet.handleRequest(AppiumServlet.java:259)\n\tat io.appium.uiautomator2.server.AppiumServlet.handleHttpRequest(AppiumServlet.java:253)\n\tat io.appium.uiautomator2.http.ServerHandler.channelRead(ServerHandler.java:77)\n\tat io.netty.channel.AbstractChannelHandlerContext.invokeChannelRead(AbstractChannelHandlerContext.java:374)\n\tat io.netty.channel.AbstractChannelHandlerContext.invokeChannelRead(AbstractChannelHandlerContext.java:360)\n\tat io.netty.chann...
2025-08-26 06:09:15:988 [9f3c6f31][W3C] Matched W3C error code 'no such element' to NoSuchElementError
2025-08-26 06:09:15:988 [9f3c6f31][38;5;-113m[AndroidUiautomator2Driver@4ceb] Waited for 6258 ms so far
2025-08-26 06:09:16:495 [9f3c6f31][38;5;-113m[AndroidUiautomator2Driver@4ceb] Matched '/element' to command name 'findElement'
2025-08-26 06:09:16:496 [9f3c6f31][38;5;-113m[AndroidUiautomator2Driver@4ceb] Proxying [POST /element] to [POST http://127.0.0.1:8200/session/f17865d5-eb25-46d0-9a48-03785c5b52a5/element] with body: {"strategy":"id","selector":"android:id/edit","context":"","multiple":false}
2025-08-26 06:09:16:584 [9f3c6f31][38;5;-113m[AndroidUiautomator2Driver@4ceb] Got response with status 404: {"sessionId":"f17865d5-eb25-46d0-9a48-03785c5b52a5","value":{"error":"no such element","message":"An element could not be located on the page using the given search parameters","stacktrace":"io.appium.uiautomator2.common.exceptions.ElementNotFoundException: An element could not be located on the page using the given search parameters\n\tat io.appium.uiautomator2.handler.FindElement.safeHandle(FindElement.java:63)\n\tat io.appium.uiautomator2.handler.request.SafeRequestHandler.handle(SafeRequestHandler.java:59)\n\tat io.appium.uiautomator2.server.AppiumServlet.handleRequest(AppiumServlet.java:259)\n\tat io.appium.uiautomator2.server.AppiumServlet.handleHttpRequest(AppiumServlet.java:253)\n\tat io.appium.uiautomator2.http.ServerHandler.channelRead(ServerHandler.java:77)\n\tat io.netty.channel.AbstractChannelHandlerContext.invokeChannelRead(AbstractChannelHandlerContext.java:374)\n\tat io.netty.channel.AbstractChannelHandlerContext.invokeChannelRead(AbstractChannelHandlerContext.java:360)\n\tat io.netty.chann...
2025-08-26 06:09:16:584 [9f3c6f31][W3C] Matched W3C error code 'no such element' to NoSuchElementError
2025-08-26 06:09:16:585 [9f3c6f31][38;5;-113m[AndroidUiautomator2Driver@4ceb] Waited for 6855 ms so far
2025-08-26 06:09:17:092 [9f3c6f31][38;5;-113m[AndroidUiautomator2Driver@4ceb] Matched '/element' to command name 'findElement'
2025-08-26 06:09:17:092 [9f3c6f31][38;5;-113m[AndroidUiautomator2Driver@4ceb] Proxying [POST /element] to [POST http://127.0.0.1:8200/session/f17865d5-eb25-46d0-9a48-03785c5b52a5/element] with body: {"strategy":"id","selector":"android:id/edit","context":"","multiple":false}
2025-08-26 06:09:17:164 [9f3c6f31][38;5;-113m[AndroidUiautomator2Driver@4ceb] Got response with status 404: {"sessionId":"f17865d5-eb25-46d0-9a48-03785c5b52a5","value":{"error":"no such element","message":"An element could not be located on the page using the given search parameters","stacktrace":"io.appium.uiautomator2.common.exceptions.ElementNotFoundException: An element could not be located on the page using the given search parameters\n\tat io.appium.uiautomator2.handler.FindElement.safeHandle(FindElement.java:63)\n\tat io.appium.uiautomator2.handler.request.SafeRequestHandler.handle(SafeRequestHandler.java:59)\n\tat io.appium.uiautomator2.server.AppiumServlet.handleRequest(AppiumServlet.java:259)\n\tat io.appium.uiautomator2.server.AppiumServlet.handleHttpRequest(AppiumServlet.java:253)\n\tat io.appium.uiautomator2.http.ServerHandler.channelRead(ServerHandler.java:77)\n\tat io.netty.channel.AbstractChannelHandlerContext.invokeChannelRead(AbstractChannelHandlerContext.java:374)\n\tat io.netty.channel.AbstractChannelHandlerContext.invokeChannelRead(AbstractChannelHandlerContext.java:360)\n\tat io.netty.chann...
2025-08-26 06:09:17:165 [9f3c6f31][W3C] Matched W3C error code 'no such element' to NoSuchElementError
2025-08-26 06:09:17:165 [9f3c6f31][38;5;-113m[AndroidUiautomator2Driver@4ceb] Waited for 7435 ms so far
2025-08-26 06:09:17:669 [9f3c6f31][38;5;-113m[AndroidUiautomator2Driver@4ceb] Matched '/element' to command name 'findElement'
2025-08-26 06:09:17:670 [9f3c6f31][38;5;-113m[AndroidUiautomator2Driver@4ceb] Proxying [POST /element] to [POST http://127.0.0.1:8200/session/f17865d5-eb25-46d0-9a48-03785c5b52a5/element] with body: {"strategy":"id","selector":"android:id/edit","context":"","multiple":false}
2025-08-26 06:09:17:941 [9f3c6f31][38;5;-113m[AndroidUiautomator2Driver@4ceb] Got response with status 404: {"sessionId":"f17865d5-eb25-46d0-9a48-03785c5b52a5","value":{"error":"no such element","message":"An element could not be located on the page using the given search parameters","stacktrace":"io.appium.uiautomator2.common.exceptions.ElementNotFoundException: An element could not be located on the page using the given search parameters\n\tat io.appium.uiautomator2.handler.FindElement.safeHandle(FindElement.java:63)\n\tat io.appium.uiautomator2.handler.request.SafeRequestHandler.handle(SafeRequestHandler.java:59)\n\tat io.appium.uiautomator2.server.AppiumServlet.handleRequest(AppiumServlet.java:259)\n\tat io.appium.uiautomator2.server.AppiumServlet.handleHttpRequest(AppiumServlet.java:253)\n\tat io.appium.uiautomator2.http.ServerHandler.channelRead(ServerHandler.java:77)\n\tat io.netty.channel.AbstractChannelHandlerContext.invokeChannelRead(AbstractChannelHandlerContext.java:374)\n\tat io.netty.channel.AbstractChannelHandlerContext.invokeChannelRead(AbstractChannelHandlerContext.java:360)\n\tat io.netty.chann...
2025-08-26 06:09:17:948 [9f3c6f31][W3C] Matched W3C error code 'no such element' to NoSuchElementError
2025-08-26 06:09:17:951 [9f3c6f31][38;5;-113m[AndroidUiautomator2Driver@4ceb] Waited for 8220 ms so far
2025-08-26 06:09:18:455 [9f3c6f31][38;5;-113m[AndroidUiautomator2Driver@4ceb] Matched '/element' to command name 'findElement'
2025-08-26 06:09:18:456 [9f3c6f31][38;5;-113m[AndroidUiautomator2Driver@4ceb] Proxying [POST /element] to [POST http://127.0.0.1:8200/session/f17865d5-eb25-46d0-9a48-03785c5b52a5/element] with body: {"strategy":"id","selector":"android:id/edit","context":"","multiple":false}
2025-08-26 06:09:18:504 [9f3c6f31][38;5;-113m[AndroidUiautomator2Driver@4ceb] Got response with status 404: {"sessionId":"f17865d5-eb25-46d0-9a48-03785c5b52a5","value":{"error":"no such element","message":"An element could not be located on the page using the given search parameters","stacktrace":"io.appium.uiautomator2.common.exceptions.ElementNotFoundException: An element could not be located on the page using the given search parameters\n\tat io.appium.uiautomator2.handler.FindElement.safeHandle(FindElement.java:63)\n\tat io.appium.uiautomator2.handler.request.SafeRequestHandler.handle(SafeRequestHandler.java:59)\n\tat io.appium.uiautomator2.server.AppiumServlet.handleRequest(AppiumServlet.java:259)\n\tat io.appium.uiautomator2.server.AppiumServlet.handleHttpRequest(AppiumServlet.java:253)\n\tat io.appium.uiautomator2.http.ServerHandler.channelRead(ServerHandler.java:77)\n\tat io.netty.channel.AbstractChannelHandlerContext.invokeChannelRead(AbstractChannelHandlerContext.java:374)\n\tat io.netty.channel.AbstractChannelHandlerContext.invokeChannelRead(AbstractChannelHandlerContext.java:360)\n\tat io.netty.chann...
2025-08-26 06:09:18:505 [9f3c6f31][W3C] Matched W3C error code 'no such element' to NoSuchElementError
2025-08-26 06:09:18:505 [9f3c6f31][38;5;-113m[AndroidUiautomator2Driver@4ceb] Waited for 8775 ms so far
2025-08-26 06:09:19:007 [9f3c6f31][38;5;-113m[AndroidUiautomator2Driver@4ceb] Matched '/element' to command name 'findElement'
2025-08-26 06:09:19:007 [9f3c6f31][38;5;-113m[AndroidUiautomator2Driver@4ceb] Proxying [POST /element] to [POST http://127.0.0.1:8200/session/f17865d5-eb25-46d0-9a48-03785c5b52a5/element] with body: {"strategy":"id","selector":"android:id/edit","context":"","multiple":false}
2025-08-26 06:09:19:116 [9f3c6f31][38;5;-113m[AndroidUiautomator2Driver@4ceb] Got response with status 404: {"sessionId":"f17865d5-eb25-46d0-9a48-03785c5b52a5","value":{"error":"no such element","message":"An element could not be located on the page using the given search parameters","stacktrace":"io.appium.uiautomator2.common.exceptions.ElementNotFoundException: An element could not be located on the page using the given search parameters\n\tat io.appium.uiautomator2.handler.FindElement.safeHandle(FindElement.java:63)\n\tat io.appium.uiautomator2.handler.request.SafeRequestHandler.handle(SafeRequestHandler.java:59)\n\tat io.appium.uiautomator2.server.AppiumServlet.handleRequest(AppiumServlet.java:259)\n\tat io.appium.uiautomator2.server.AppiumServlet.handleHttpRequest(AppiumServlet.java:253)\n\tat io.appium.uiautomator2.http.ServerHandler.channelRead(ServerHandler.java:77)\n\tat io.netty.channel.AbstractChannelHandlerContext.invokeChannelRead(AbstractChannelHandlerContext.java:374)\n\tat io.netty.channel.AbstractChannelHandlerContext.invokeChannelRead(AbstractChannelHandlerContext.java:360)\n\tat io.netty.chann...
2025-08-26 06:09:19:117 [9f3c6f31][W3C] Matched W3C error code 'no such element' to NoSuchElementError
2025-08-26 06:09:19:118 [9f3c6f31][38;5;-113m[AndroidUiautomator2Driver@4ceb] Waited for 9388 ms so far
2025-08-26 06:09:19:706 [9f3c6f31][38;5;-113m[AndroidUiautomator2Driver@4ceb] Matched '/element' to command name 'findElement'
2025-08-26 06:09:19:707 [9f3c6f31][38;5;-113m[AndroidUiautomator2Driver@4ceb] Proxying [POST /element] to [POST http://127.0.0.1:8200/session/f17865d5-eb25-46d0-9a48-03785c5b52a5/element] with body: {"strategy":"id","selector":"android:id/edit","context":"","multiple":false}
2025-08-26 06:09:20:120 [9f3c6f31][38;5;-113m[AndroidUiautomator2Driver@4ceb] Got response with status 404: {"sessionId":"f17865d5-eb25-46d0-9a48-03785c5b52a5","value":{"error":"no such element","message":"An element could not be located on the page using the given search parameters","stacktrace":"io.appium.uiautomator2.common.exceptions.ElementNotFoundException: An element could not be located on the page using the given search parameters\n\tat io.appium.uiautomator2.handler.FindElement.safeHandle(FindElement.java:63)\n\tat io.appium.uiautomator2.handler.request.SafeRequestHandler.handle(SafeRequestHandler.java:59)\n\tat io.appium.uiautomator2.server.AppiumServlet.handleRequest(AppiumServlet.java:259)\n\tat io.appium.uiautomator2.server.AppiumServlet.handleHttpRequest(AppiumServlet.java:253)\n\tat io.appium.uiautomator2.http.ServerHandler.channelRead(ServerHandler.java:77)\n\tat io.netty.channel.AbstractChannelHandlerContext.invokeChannelRead(AbstractChannelHandlerContext.java:374)\n\tat io.netty.channel.AbstractChannelHandlerContext.invokeChannelRead(AbstractChannelHandlerContext.java:360)\n\tat io.netty.chann...
2025-08-26 06:09:20:121 [9f3c6f31][W3C] Matched W3C error code 'no such element' to NoSuchElementError
2025-08-26 06:09:20:143 [9f3c6f31][38;5;-113m[AndroidUiautomator2Driver@4ceb] Encountered internal error running command: NoSuchElementError: An element could not be located on the page using the given search parameters.
    at AndroidUiautomator2Driver.findElOrEls (/Users/rohitsharma/.appium/node_modules/appium-uiautomator2-driver/node_modules/appium-android-driver/lib/commands/find.ts:86:11)
    at processTicksAndRejections (node:internal/process/task_queues:105:5)
    at AndroidUiautomator2Driver.findElOrElsWithProcessing (/usr/local/lib/node_modules/appium/node_modules/@appium/base-driver/lib/basedriver/commands/find.ts:60:12)
    at AndroidUiautomator2Driver.findElement (/usr/local/lib/node_modules/appium/node_modules/@appium/base-driver/lib/basedriver/commands/find.ts:75:12)
2025-08-26 06:09:20:170 [9f3c6f31][HTTP] <-- POST /session/9f3c6f31-6a4d-436b-908c-c4654e2bb01f/element 404 10437 ms - 817 
2025-08-26 06:09:20:998 [9f3c6f31][HTTP] --> DELETE /session/9f3c6f31-6a4d-436b-908c-c4654e2bb01f {}
2025-08-26 06:09:21:000 [9f3c6f31][38;5;-113m[AndroidUiautomator2Driver@4ceb] Calling AppiumDriver.deleteSession() with args: ["9f3c6f31-6a4d-436b-908c-c4654e2bb01f"]
2025-08-26 06:09:21:001 [9f3c6f31][AppiumDriver@030a] Event 'quitSessionRequested' logged at 1756188561001 (11:39:21 GMT+0530 (India Standard Time))
2025-08-26 06:09:21:009 [9f3c6f31][AppiumDriver@030a] Removing session 9f3c6f31-6a4d-436b-908c-c4654e2bb01f from our master session list
2025-08-26 06:09:21:030 [9f3c6f31][38;5;-113m[AndroidUiautomator2Driver@4ceb] Deleting UiAutomator2 session
2025-08-26 06:09:21:038 [9f3c6f31][38;5;-113m[AndroidUiautomator2Driver@4ceb] Deleting UiAutomator2 server session
2025-08-26 06:09:21:038 [9f3c6f31][38;5;-113m[AndroidUiautomator2Driver@4ceb] Matched '/' to command name 'deleteSession'
2025-08-26 06:09:21:038 [9f3c6f31][38;5;-113m[AndroidUiautomator2Driver@4ceb] Proxying [DELETE /] to [DELETE http://127.0.0.1:8200/session/f17865d5-eb25-46d0-9a48-03785c5b52a5] with no body
2025-08-26 06:09:21:136 [9f3c6f31][38;5;-113m[AndroidUiautomator2Driver@4ceb] Got response with status 200: {"sessionId":"f17865d5-eb25-46d0-9a48-03785c5b52a5","value":null}
2025-08-26 06:09:21:152 [9f3c6f31][ADB] Getting IDs of all 'io.appium.uiautomator2.server' processes
2025-08-26 06:09:21:167 [9f3c6f31][ADB] Running '/Users/rohitsharma/Library/Android/sdk/platform-tools/adb -P 5037 -s emulator-5554 shell 'pgrep --help; echo $?''
2025-08-26 06:09:22:220 [9f3c6f31][38;5;-113m[AndroidUiautomator2Driver@4ceb] [Instrumentation] io.appium.uiautomator2.server.test.AppiumUiAutomator2Server:.
2025-08-26 06:09:22:222 [9f3c6f31][38;5;-113m[AndroidUiautomator2Driver@4ceb] [Instrumentation] 
2025-08-26 06:09:22:222 [9f3c6f31][38;5;-113m[AndroidUiautomator2Driver@4ceb] [Instrumentation] Time: 44.442
2025-08-26 06:09:22:222 [9f3c6f31][38;5;-113m[AndroidUiautomator2Driver@4ceb] [Instrumentation] 
2025-08-26 06:09:22:223 [9f3c6f31][38;5;-113m[AndroidUiautomator2Driver@4ceb] [Instrumentation] OK (1 test)
2025-08-26 06:09:22:223 [9f3c6f31][38;5;-113m[AndroidUiautomator2Driver@4ceb] [Instrumentation] 
2025-08-26 06:09:22:223 [9f3c6f31][38;5;-113m[AndroidUiautomator2Driver@4ceb] [Instrumentation] 
2025-08-26 06:09:22:650 [9f3c6f31][ADB] Running '/Users/rohitsharma/Library/Android/sdk/platform-tools/adb -P 5037 -s emulator-5554 shell pgrep -f \(\[\[:blank:\]\]\|\^\)io\.appium\.uiautomator2\.server\(:\[a-zA-Z0-9_-\]\+\)\?\(\[\[:blank:\]\]\|\$\)'
2025-08-26 06:09:25:009 [9f3c6f31][38;5;-113m[AndroidUiautomator2Driver@4ceb] [Instrumentation] The process has exited with code 0, signal null
2025-08-26 06:09:25:027 [9f3c6f31][ADB] Running '/Users/rohitsharma/Library/Android/sdk/platform-tools/adb -P 5037 -s emulator-5554 shell am force-stop io.appium.uiautomator2.server'
2025-08-26 06:09:25:033 [9f3c6f31][ADB] Running '/Users/rohitsharma/Library/Android/sdk/platform-tools/adb -P 5037 -s emulator-5554 shell am force-stop io.appium.uiautomator2.server.test'
2025-08-26 06:09:25:754 [9f3c6f31][ADB] Running '/Users/rohitsharma/Library/Android/sdk/platform-tools/adb -P 5037 -s emulator-5554 shell dumpsys activity services io.appium.settings/.recorder.RecorderService'
2025-08-26 06:09:25:759 [9f3c6f31][ADB] Running '/Users/rohitsharma/Library/Android/sdk/platform-tools/adb -P 5037 -s emulator-5554 shell am force-stop io.appium.android.apis'
2025-08-26 06:09:26:231 [9f3c6f31][ADB] Removing forwarded port socket connection: 8200 
2025-08-26 06:09:26:231 [9f3c6f31][ADB] Running '/Users/rohitsharma/Library/Android/sdk/platform-tools/adb -P 5037 -s emulator-5554 forward --remove tcp:8200'
2025-08-26 06:09:26:264 [9f3c6f31][38;5;-113m[AndroidUiautomator2Driver@4ceb] Restoring hidden api policy to the device default configuration
2025-08-26 06:09:26:265 [9f3c6f31][ADB] Running '/Users/rohitsharma/Library/Android/sdk/platform-tools/adb -P 5037 -s emulator-5554 shell 'settings delete global hidden_api_policy_pre_p_apps;settings delete global hidden_api_policy_p_apps;settings delete global hidden_api_policy''
2025-08-26 06:09:26:771 [9f3c6f31][Logcat] Stopping logcat capture
2025-08-26 06:09:26:773 [9f3c6f31][AppiumDriver@030a] Event 'quitSessionFinished' logged at 1756188566773 (11:39:26 GMT+0530 (India Standard Time))
2025-08-26 06:09:26:775 [9f3c6f31][AppiumDriver@030a] Received response: null
2025-08-26 06:09:26:775 [9f3c6f31][AppiumDriver@030a] But deleting session, so not returning
2025-08-26 06:09:26:775 [9f3c6f31][AppiumDriver@030a] Responding to client with driver.deleteSession() result: null
2025-08-26 06:09:26:785 [9f3c6f31][HTTP] <-- DELETE /session/9f3c6f31-6a4d-436b-908c-c4654e2bb01f 200 5784 ms - 14 
2025-08-26 06:09:34:404 [HTTP] --> GET /status {}
2025-08-26 06:09:34:407 [AppiumDriver@030a] Calling AppiumDriver.getStatus() with args: []
2025-08-26 06:09:34:409 [AppiumDriver@030a] Responding to client with driver.getStatus() result: {"ready":true,"message":"The server is ready to accept new connections","build":{"version":"2.15.0"}}
2025-08-26 06:09:34:412 [HTTP] <-- GET /status 200 10 ms - 111 
